2026-03-26 05:17:23,331 - __main__ - INFO - --- INITIALIZING ML-OPS PIPELINE FOR: BTCUSDT ---
2026-03-26 05:17:23,336 - __main__ - INFO - PHASE 1: Fetching latest 60,000 hourly candles for BTCUSDT...
2026-03-26 05:18:15,983 - __main__ - INFO - PHASE 2: Initializing Feature Engineering and Target Clustering...
2026-03-26 05:18:15,984 - data_processor - INFO - Starting data processing pipeline for C:\Users\lehelk\OneDrive - IFS\Desktop\projects\Project\root\datasets\BTCUSDT_raw.csv
2026-03-26 05:18:16,096 - data_processor - INFO - Sanitization complete. Removed 3 rows.
2026-03-26 05:18:16,186 - data_processor - INFO - Volume filter retained 635 peaks and 642 troughs.
2026-03-26 05:18:18,110 - data_processor - INFO - Optimal K for Resistance: 7 (Score: 0.6607)
2026-03-26 05:18:18,554 - data_processor - INFO - Optimal K for Support: 2 (Score: 0.6563)
2026-03-26 05:18:18,561 - data_processor - INFO - Data processing pipeline completed successfully.
2026-03-26 05:18:19,380 - __main__ - INFO - PHASE 3: Initializing Random Forest Hyperparameter Tuning & Training...
2026-03-26 05:18:19,381 - train - INFO - Preparing data for training (Chronological Split + Undersampling)...
2026-03-26 05:18:19,399 - train - INFO - Original Training set: 47981 records
2026-03-26 05:18:19,400 - train - INFO - Undersampled Training set: 8970 records (Forced model attention)
2026-03-26 05:18:19,400 - train - INFO - Testing set (Untouched reality): 11996 records
2026-03-26 05:18:19,402 - train - INFO - Starting Hyperparameter Tuning via RandomizedSearchCV...
2026-03-26 05:18:54,199 - train - INFO - Hyperparameter Tuning Complete.
2026-03-26 05:18:54,200 - train - INFO - Best Parameters Found: {'n_estimators': 500, 'min_samples_split': 2, 'min_samples_leaf': 2, 'max_features': None, 'max_depth': 15}
2026-03-26 05:18:54,200 - train - INFO - Optimized model is ready for evaluation.
2026-03-26 05:18:54,544 - train - INFO - Model successfully saved to C:\Users\lehelk\OneDrive - IFS\Desktop\projects\Project\root\output\production_models\sr_rf_model.pkl
2026-03-26 05:18:54,544 - __main__ - INFO - PHASE 4: Generating charts for UI render (BTCUSDT)...
2026-03-26 05:18:56,423 - __main__ - INFO - PHASE 5: Packaging BTCUSDT S/R zones and chart paths for UI payload...
2026-03-26 05:18:56,423 - __main__ - INFO - --- PIPELINE COMPLETE FOR BTCUSDT ---
2026-03-27 18:10:25,585 - __main__ - INFO - --- INITIALIZING ML-OPS PIPELINE FOR: BTCUSDT ---
2026-03-27 18:10:25,592 - __main__ - INFO - PHASE 1: Fetching latest 60,000 hourly candles for BTCUSDT...
2026-03-27 18:10:26,326 - __main__ - INFO - PHASE 2: Initializing Feature Engineering and Target Clustering...
2026-03-27 18:10:26,326 - data_processor - INFO - Starting data processing pipeline for C:\Users\lehelk\OneDrive - IFS\Desktop\projects\Project\root\datasets\BTCUSDT_raw.csv
2026-03-27 18:10:26,346 - data_processor - INFO - Sanitization complete. Removed 0 rows.
2026-03-27 18:10:26,352 - data_processor - INFO - Volume filter retained 0 peaks and 0 troughs.
2026-03-27 18:10:26,352 - data_processor - INFO - Data processing pipeline completed successfully.
2026-03-27 18:10:26,356 - __main__ - INFO - PHASE 3: Initializing Random Forest Hyperparameter Tuning & Training...
2026-03-27 18:10:26,357 - train - INFO - Preparing data for training (Chronological Split + Undersampling)...
2026-03-27 18:10:26,365 - train - INFO - Original Training set: 0 records
2026-03-27 18:10:26,365 - train - INFO - Undersampled Training set: 0 records (Forced model attention)
2026-03-27 18:10:26,366 - train - INFO - Testing set (Untouched reality): 0 records
2026-03-27 18:10:26,366 - train - INFO - Starting Hyperparameter Tuning via RandomizedSearchCV...
2026-03-27 18:10:26,379 - __main__ - ERROR - Pipeline failed for BTCUSDT: Found array with 0 sample(s) (shape=(0,)) while a minimum of 1 is required.
Traceback (most recent call last):
  File "C:\Users\lehelk\OneDrive - IFS\Desktop\projects\Project\root\src\orchestrator.py", line 80, in run_ml_microservice
    trainer.train(X_train, y_train)
    ~~~~~~~~~~~~~^^^^^^^^^^^^^^^^^^
  File "C:\Users\lehelk\OneDrive - IFS\Desktop\projects\Project\root\src\train.py", line 112, in train
    random_search.fit(X_train, y_train)
    ~~~~~~~~~~~~~~~~~^^^^^^^^^^^^^^^^^^
  File "C:\Users\lehelk\AppData\Local\Programs\Python\Python314\Lib\site-packages\sklearn\base.py", line 1336, in wrapper
    return fit_method(estimator, *args, **kwargs)
  File "C:\Users\lehelk\AppData\Local\Programs\Python\Python314\Lib\site-packages\sklearn\model_selection\_search.py", line 1053, in fit
    self._run_search(evaluate_candidates)
    ~~~~~~~~~~~~~~~~^^^^^^^^^^^^^^^^^^^^^
  File "C:\Users\lehelk\AppData\Local\Programs\Python\Python314\Lib\site-packages\sklearn\model_selection\_search.py", line 2002, in _run_search
    evaluate_candidates(
    ~~~~~~~~~~~~~~~~~~~^
        ParameterSampler(
        ^^^^^^^^^^^^^^^^^
            self.param_distributions, self.n_iter, random_state=self.random_state
            ^^^^^^^^^^^^^^^^^^^^^^^^^^^^^^^^^^^^^^^^^^^^^^^^^^^^^^^^^^^^^^^^^^^^^
        )
        ^
    )
    ^
  File "C:\Users\lehelk\AppData\Local\Programs\Python\Python314\Lib\site-packages\sklearn\model_selection\_search.py", line 1013, in evaluate_candidates
    enumerate(cv.split(X, y, **routed_params.splitter.split)),
              ~~~~~~~~^^^^^^^^^^^^^^^^^^^^^^^^^^^^^^^^^^^^^^
  File "C:\Users\lehelk\AppData\Local\Programs\Python\Python314\Lib\site-packages\sklearn\model_selection\_split.py", line 889, in split
    y = check_array(y, input_name="y", ensure_2d=False, dtype=None)
  File "C:\Users\lehelk\AppData\Local\Programs\Python\Python314\Lib\site-packages\sklearn\utils\validation.py", line 1097, in check_array
    raise ValueError(
    ...<3 lines>...
    )
ValueError: Found array with 0 sample(s) (shape=(0,)) while a minimum of 1 is required.
