2026-03-26 05:21:46,652 - __main__ - INFO - --- INITIALIZING ML-OPS PIPELINE FOR: ETHUSDT ---
2026-03-26 05:21:46,678 - __main__ - INFO - PHASE 1: Fetching latest 60,000 hourly candles for ETHUSDT...
2026-03-26 05:22:39,525 - __main__ - INFO - PHASE 2: Initializing Feature Engineering and Target Clustering...
2026-03-26 05:22:39,526 - data_processor - INFO - Starting data processing pipeline for C:\Users\lehelk\OneDrive - IFS\Desktop\projects\Project\root\datasets\ETHUSDT_raw.csv
2026-03-26 05:22:39,636 - data_processor - INFO - Sanitization complete. Removed 3 rows.
2026-03-26 05:22:39,720 - data_processor - INFO - Volume filter retained 567 peaks and 631 troughs.
2026-03-26 05:22:42,301 - data_processor - INFO - Optimal K for Resistance: 3 (Score: 0.6668)
2026-03-26 05:22:42,833 - data_processor - INFO - Optimal K for Support: 3 (Score: 0.6548)
2026-03-26 05:22:42,839 - data_processor - INFO - Data processing pipeline completed successfully.
2026-03-26 05:22:43,673 - __main__ - INFO - PHASE 3: Initializing Random Forest Hyperparameter Tuning & Training...
2026-03-26 05:22:43,674 - train - INFO - Preparing data for training (Chronological Split + Undersampling)...
2026-03-26 05:22:43,687 - train - INFO - Original Training set: 47981 records
2026-03-26 05:22:43,687 - train - INFO - Undersampled Training set: 8940 records (Forced model attention)
2026-03-26 05:22:43,687 - train - INFO - Testing set (Untouched reality): 11996 records
2026-03-26 05:22:43,689 - train - INFO - Starting Hyperparameter Tuning via RandomizedSearchCV...
2026-03-26 05:23:15,220 - train - INFO - Hyperparameter Tuning Complete.
2026-03-26 05:23:15,221 - train - INFO - Best Parameters Found: {'n_estimators': 500, 'min_samples_split': 2, 'min_samples_leaf': 2, 'max_features': None, 'max_depth': 15}
2026-03-26 05:23:15,221 - train - INFO - Optimized model is ready for evaluation.
2026-03-26 05:23:15,467 - train - INFO - Model successfully saved to C:\Users\lehelk\OneDrive - IFS\Desktop\projects\Project\root\output\production_models\sr_rf_model.pkl
2026-03-26 05:23:15,468 - __main__ - INFO - PHASE 4: Generating charts for UI render (ETHUSDT)...
2026-03-26 05:23:18,517 - __main__ - INFO - PHASE 5: Packaging ETHUSDT S/R zones and chart paths for UI payload...
2026-03-26 05:23:18,517 - __main__ - INFO - --- PIPELINE COMPLETE FOR ETHUSDT ---
2026-03-27 18:11:33,711 - __main__ - INFO - --- INITIALIZING ML-OPS PIPELINE FOR: ETHUSDT ---
2026-03-27 18:11:33,713 - __main__ - INFO - PHASE 1: Fetching latest 60,000 hourly candles for ETHUSDT...
2026-03-27 18:11:34,400 - __main__ - INFO - PHASE 2: Initializing Feature Engineering and Target Clustering...
2026-03-27 18:11:34,400 - data_processor - INFO - Starting data processing pipeline for C:\Users\lehelk\OneDrive - IFS\Desktop\projects\Project\root\datasets\ETHUSDT_raw.csv
2026-03-27 18:11:34,409 - data_processor - INFO - Sanitization complete. Removed 0 rows.
2026-03-27 18:11:34,420 - data_processor - INFO - Volume filter retained 0 peaks and 0 troughs.
2026-03-27 18:11:34,421 - data_processor - INFO - Data processing pipeline completed successfully.
2026-03-27 18:11:34,426 - __main__ - INFO - PHASE 3: Initializing Random Forest Hyperparameter Tuning & Training...
2026-03-27 18:11:34,426 - train - INFO - Preparing data for training (Chronological Split + Undersampling)...
2026-03-27 18:11:34,431 - train - INFO - Original Training set: 0 records
2026-03-27 18:11:34,431 - train - INFO - Undersampled Training set: 0 records (Forced model attention)
2026-03-27 18:11:34,431 - train - INFO - Testing set (Untouched reality): 0 records
2026-03-27 18:11:34,431 - train - INFO - Starting Hyperparameter Tuning via RandomizedSearchCV...
2026-03-27 18:11:34,448 - __main__ - ERROR - Pipeline failed for ETHUSDT: Found array with 0 sample(s) (shape=(0,)) while a minimum of 1 is required.
Traceback (most recent call last):
  File "C:\Users\lehelk\OneDrive - IFS\Desktop\projects\Project\root\src\orchestrator.py", line 80, in run_ml_microservice
    trainer.train(X_train, y_train)
    ~~~~~~~~~~~~~^^^^^^^^^^^^^^^^^^
  File "C:\Users\lehelk\OneDrive - IFS\Desktop\projects\Project\root\src\train.py", line 112, in train
    random_search.fit(X_train, y_train)
    ~~~~~~~~~~~~~~~~~^^^^^^^^^^^^^^^^^^
  File "C:\Users\lehelk\AppData\Local\Programs\Python\Python314\Lib\site-packages\sklearn\base.py", line 1336, in wrapper
    return fit_method(estimator, *args, **kwargs)
  File "C:\Users\lehelk\AppData\Local\Programs\Python\Python314\Lib\site-packages\sklearn\model_selection\_search.py", line 1053, in fit
    self._run_search(evaluate_candidates)
    ~~~~~~~~~~~~~~~~^^^^^^^^^^^^^^^^^^^^^
  File "C:\Users\lehelk\AppData\Local\Programs\Python\Python314\Lib\site-packages\sklearn\model_selection\_search.py", line 2002, in _run_search
    evaluate_candidates(
    ~~~~~~~~~~~~~~~~~~~^
        ParameterSampler(
        ^^^^^^^^^^^^^^^^^
            self.param_distributions, self.n_iter, random_state=self.random_state
            ^^^^^^^^^^^^^^^^^^^^^^^^^^^^^^^^^^^^^^^^^^^^^^^^^^^^^^^^^^^^^^^^^^^^^
        )
        ^
    )
    ^
  File "C:\Users\lehelk\AppData\Local\Programs\Python\Python314\Lib\site-packages\sklearn\model_selection\_search.py", line 1013, in evaluate_candidates
    enumerate(cv.split(X, y, **routed_params.splitter.split)),
              ~~~~~~~~^^^^^^^^^^^^^^^^^^^^^^^^^^^^^^^^^^^^^^
  File "C:\Users\lehelk\AppData\Local\Programs\Python\Python314\Lib\site-packages\sklearn\model_selection\_split.py", line 889, in split
    y = check_array(y, input_name="y", ensure_2d=False, dtype=None)
  File "C:\Users\lehelk\AppData\Local\Programs\Python\Python314\Lib\site-packages\sklearn\utils\validation.py", line 1097, in check_array
    raise ValueError(
    ...<3 lines>...
    )
ValueError: Found array with 0 sample(s) (shape=(0,)) while a minimum of 1 is required.
2026-03-27 18:23:14,845 - __main__ - INFO - --- INITIALIZING ML-OPS PIPELINE FOR: ETHUSDT ---
2026-03-27 18:23:14,848 - __main__ - INFO - PHASE 1: Fetching latest 60,000 hourly candles for ETHUSDT...
2026-03-27 18:23:15,522 - __main__ - ERROR - Pipeline failed for ETHUSDT: CRITICAL: Failed to fetch any data for ETHUSDT. Network blocked.
Traceback (most recent call last):
  File "C:\Users\lehelk\OneDrive - IFS\Desktop\projects\Project\root\src\orchestrator.py", line 67, in run_ml_microservice
    fetch_binance_klines(symbol=symbol, interval='1h', total_records=60000, filename=str(raw_data_path))
    ~~~~~~~~~~~~~~~~~~~~^^^^^^^^^^^^^^^^^^^^^^^^^^^^^^^^^^^^^^^^^^^^^^^^^^^^^^^^^^^^^^^^^^^^^^^^^^^^^^^^
  File "C:\Users\lehelk\OneDrive - IFS\Desktop\projects\Project\root\src\fetch.py", line 51, in fetch_binance_klines
    raise RuntimeError(f"CRITICAL: Failed to fetch any data for {symbol}. Network blocked.")
RuntimeError: CRITICAL: Failed to fetch any data for ETHUSDT. Network blocked.
2026-03-27 18:25:58,319 - __main__ - INFO - --- INITIALIZING ML-OPS PIPELINE FOR: ETHUSDT ---
2026-03-27 18:25:58,321 - __main__ - INFO - PHASE 1: Fetching latest 60,000 hourly candles for ETHUSDT...
2026-03-27 18:26:01,526 - __main__ - ERROR - Pipeline failed for ETHUSDT: CRITICAL: All Binance API endpoints returned 503. Your corporate firewall is strictly blocking crypto APIs.
Traceback (most recent call last):
  File "C:\Users\lehelk\OneDrive - IFS\Desktop\projects\Project\root\src\orchestrator.py", line 67, in run_ml_microservice
    fetch_binance_klines(symbol=symbol, interval='1h', total_records=60000, filename=str(raw_data_path))
    ~~~~~~~~~~~~~~~~~~~~^^^^^^^^^^^^^^^^^^^^^^^^^^^^^^^^^^^^^^^^^^^^^^^^^^^^^^^^^^^^^^^^^^^^^^^^^^^^^^^^
  File "C:\Users\lehelk\OneDrive - IFS\Desktop\projects\Project\root\src\fetch.py", line 41, in fetch_binance_klines
    raise RuntimeError("CRITICAL: All Binance API endpoints returned 503. Your corporate firewall is strictly blocking crypto APIs.")
RuntimeError: CRITICAL: All Binance API endpoints returned 503. Your corporate firewall is strictly blocking crypto APIs.
2026-03-27 18:27:23,355 - __main__ - INFO - --- INITIALIZING ML-OPS PIPELINE FOR: ETHUSDT ---
2026-03-27 18:27:23,376 - __main__ - INFO - PHASE 1: Fetching latest 60,000 hourly candles for ETHUSDT...
2026-03-27 18:28:16,450 - __main__ - INFO - PHASE 2: Initializing Feature Engineering and Target Clustering...
2026-03-27 18:28:16,450 - data_processor - INFO - Starting data processing pipeline for C:\Users\lehelk\OneDrive - IFS\Desktop\projects\Project\root\datasets\ETHUSDT_raw.csv
2026-03-27 18:28:16,560 - data_processor - INFO - Sanitization complete. Removed 3 rows.
2026-03-27 18:28:16,649 - data_processor - INFO - Volume filter retained 566 peaks and 631 troughs.
2026-03-27 18:28:19,825 - data_processor - INFO - Optimal K for Resistance: 3 (Score: 0.6662)
2026-03-27 18:28:20,373 - data_processor - INFO - Optimal K for Support: 3 (Score: 0.6548)
2026-03-27 18:28:20,380 - data_processor - INFO - Data processing pipeline completed successfully.
2026-03-27 18:28:21,169 - __main__ - INFO - PHASE 3: Initializing Random Forest Hyperparameter Tuning & Training...
2026-03-27 18:28:21,169 - train - INFO - Preparing data for training (Chronological Split + Undersampling)...
2026-03-27 18:28:21,183 - train - INFO - Original Training set: 47981 records
2026-03-27 18:28:21,184 - train - INFO - Undersampled Training set: 8946 records (Forced model attention)
2026-03-27 18:28:21,184 - train - INFO - Testing set (Untouched reality): 11996 records
2026-03-27 18:28:21,186 - train - INFO - Starting Hyperparameter Tuning via RandomizedSearchCV...
2026-03-27 18:28:54,392 - train - INFO - Hyperparameter Tuning Complete.
2026-03-27 18:28:54,393 - train - INFO - Best Parameters Found: {'n_estimators': 300, 'min_samples_split': 2, 'min_samples_leaf': 4, 'max_features': None, 'max_depth': None}
2026-03-27 18:28:54,393 - train - INFO - Optimized model is ready for evaluation.
2026-03-27 18:28:54,550 - train - INFO - Model successfully saved to C:\Users\lehelk\OneDrive - IFS\Desktop\projects\Project\root\output\production_models\sr_rf_model.pkl
2026-03-27 18:28:54,550 - __main__ - INFO - PHASE 4: Generating charts for UI render (ETHUSDT)...
2026-03-27 18:28:57,476 - __main__ - INFO - PHASE 5: Packaging ETHUSDT S/R zones and chart paths for UI payload...
2026-03-27 18:28:57,476 - __main__ - INFO - --- PIPELINE COMPLETE FOR ETHUSDT ---
