2026-03-26 05:15:53,688 - __main__ - INFO - --- INITIALIZING ML-OPS PIPELINE FOR: SOLUSDT ---
2026-03-26 05:15:53,689 - __main__ - INFO - PHASE 1: Fetching latest 60,000 hourly candles for SOLUSDT...
2026-03-26 05:16:38,731 - __main__ - INFO - PHASE 2: Initializing Feature Engineering and Target Clustering...
2026-03-26 05:16:38,731 - data_processor - INFO - Starting data processing pipeline for C:\Users\lehelk\OneDrive - IFS\Desktop\projects\Project\root\datasets\SOLUSDT_raw.csv
2026-03-26 05:16:38,828 - data_processor - INFO - Sanitization complete. Removed 2 rows.
2026-03-26 05:16:38,894 - data_processor - INFO - Volume filter retained 467 peaks and 455 troughs.
2026-03-26 05:16:40,876 - data_processor - INFO - Optimal K for Resistance: 2 (Score: 0.7161)
2026-03-26 05:16:41,253 - data_processor - INFO - Optimal K for Support: 2 (Score: 0.6994)
2026-03-26 05:16:41,257 - data_processor - INFO - Data processing pipeline completed successfully.
2026-03-26 05:16:41,898 - __main__ - INFO - PHASE 3: Initializing Random Forest Hyperparameter Tuning & Training...
2026-03-26 05:16:41,899 - train - INFO - Preparing data for training (Chronological Split + Undersampling)...
2026-03-26 05:16:41,911 - train - INFO - Original Training set: 39379 records
2026-03-26 05:16:41,912 - train - INFO - Undersampled Training set: 2772 records (Forced model attention)
2026-03-26 05:16:41,912 - train - INFO - Testing set (Untouched reality): 9845 records
2026-03-26 05:16:41,913 - train - INFO - Starting Hyperparameter Tuning via RandomizedSearchCV...
2026-03-26 05:16:55,863 - train - INFO - Hyperparameter Tuning Complete.
2026-03-26 05:16:55,863 - train - INFO - Best Parameters Found: {'n_estimators': 500, 'min_samples_split': 2, 'min_samples_leaf': 2, 'max_features': None, 'max_depth': 15}
2026-03-26 05:16:55,864 - train - INFO - Optimized model is ready for evaluation.
2026-03-26 05:16:56,000 - train - INFO - Model successfully saved to C:\Users\lehelk\OneDrive - IFS\Desktop\projects\Project\root\output\production_models\sr_rf_model.pkl
2026-03-26 05:16:56,001 - __main__ - INFO - PHASE 4: Generating charts for UI render (SOLUSDT)...
2026-03-26 05:16:57,547 - __main__ - INFO - PHASE 5: Packaging SOLUSDT S/R zones and chart paths for UI payload...
2026-03-26 05:16:57,548 - __main__ - INFO - --- PIPELINE COMPLETE FOR SOLUSDT ---
